  model_full.cpp
C:\Users\raneyni\Documents\GitHub\Neural-Oscillations-Cpp\C++\NOModel_full\model_full.cpp(71,12): warning C4101: “val”: 未引用的局部变量
C:\Users\raneyni\Documents\GitHub\Neural-Oscillations-Cpp\C++\NOModel_full\model_full.cpp(78,12): warning C4244: “初始化”: 从“double”转换到“int”，可能丢失数据
C:\Users\raneyni\Documents\GitHub\Neural-Oscillations-Cpp\C++\NOModel_full\model_full.cpp(85,12): warning C4244: “return”: 从“double”转换到“int”，可能丢失数据
C:\Users\raneyni\Documents\GitHub\Neural-Oscillations-Cpp\C++\NOModel_full\model_full.cpp(183,28): warning C4267: “初始化”: 从“size_t”转换到“int”，可能丢失数据
C:\Users\raneyni\Documents\GitHub\Neural-Oscillations-Cpp\C++\NOModel_full\model_full.cpp(266,43): warning C4267: “参数”: 从“size_t”转换到“_Ty”，可能丢失数据
          with
          [
              _Ty=int
          ]
C:\Users\raneyni\Documents\GitHub\Neural-Oscillations-Cpp\C++\NOModel_full\model_full.cpp(267,43): warning C4267: “参数”: 从“size_t”转换到“_Ty”，可能丢失数据
          with
          [
              _Ty=int
          ]
C:\Users\raneyni\Documents\GitHub\Neural-Oscillations-Cpp\C++\NOModel_full\model_full.cpp(268,43): warning C4267: “参数”: 从“size_t”转换到“_Ty”，可能丢失数据
          with
          [
              _Ty=int
          ]
C:\Users\raneyni\Documents\GitHub\Neural-Oscillations-Cpp\C++\NOModel_full\model_full.cpp(269,43): warning C4267: “参数”: 从“size_t”转换到“_Ty”，可能丢失数据
          with
          [
              _Ty=int
          ]
C:\Users\raneyni\Documents\GitHub\Neural-Oscillations-Cpp\C++\NOModel_full\model_full.cpp(288,29): warning C4244: “=”: 从“double”转换到“int”，可能丢失数据
C:\Users\raneyni\Documents\GitHub\Neural-Oscillations-Cpp\C++\NOModel_full\model_full.cpp(301,29): warning C4244: “=”: 从“double”转换到“int”，可能丢失数据
C:\Users\raneyni\Documents\GitHub\Neural-Oscillations-Cpp\C++\NOModel_full\model_full.cpp(283,13): warning C4101: “local_index”: 未引用的局部变量
C:\Users\raneyni\Documents\GitHub\Neural-Oscillations-Cpp\C++\NOModel_full\model_full.cpp(387,21): warning C4244: “=”: 从“double”转换到“int”，可能丢失数据
C:\Users\raneyni\Documents\GitHub\Neural-Oscillations-Cpp\C++\NOModel_full\model_full.cpp(389,21): warning C4244: “=”: 从“double”转换到“int”，可能丢失数据
C:\Users\raneyni\Documents\GitHub\Neural-Oscillations-Cpp\C++\NOModel_full\model_full.cpp(400,24): warning C4244: “=”: 从“double”转换到“int”，可能丢失数据
C:\Users\raneyni\Documents\GitHub\Neural-Oscillations-Cpp\C++\NOModel_full\model_full.cpp(423,26): warning C4244: “=”: 从“double”转换到“int”，可能丢失数据
C:\Users\raneyni\Documents\GitHub\Neural-Oscillations-Cpp\C++\NOModel_full\model_full.cpp(495,40): warning C4267: “初始化”: 从“size_t”转换到“int”，可能丢失数据
C:\Users\raneyni\Documents\GitHub\Neural-Oscillations-Cpp\C++\NOModel_full\model_full.cpp(143,23): warning C4244: “初始化”: 从“double”转换到“int”，可能丢失数据
C:\Users\raneyni\Documents\GitHub\Neural-Oscillations-Cpp\C++\NOModel_full\model_full.cpp(135): message : 在编译 类 模板 成员函数“int Vector<int>::select(std::mt19937 &,std::uniform_real_distribution<double> &)”时
C:\Users\raneyni\Documents\GitHub\Neural-Oscillations-Cpp\C++\NOModel_full\model_full.cpp(314): message : 查看对正在编译的函数 模板 实例化“int Vector<int>::select(std::mt19937 &,std::uniform_real_distribution<double> &)”的引用
C:\Users\raneyni\Documents\GitHub\Neural-Oscillations-Cpp\C++\NOModel_full\model_full.cpp(199): message : 查看对正在编译的 类 模板 实例化“Vector<int>”的引用
  正在生成代码
  2 of 351 functions ( 0.6%) were compiled, the rest were copied from previous compilation.
    0 functions were new in current compilation
    0 functions had inline decision re-evaluated but remain unchanged
  已完成代码的生成
  NOModel_full.vcxproj -> C:\Users\raneyni\Documents\GitHub\Neural-Oscillations-Cpp\C++\x64\Release\NOModel_full.exe
