  model_SL_full.cpp
D:\Code\C++\NOModels\NOModel_SL_full\model_SL_full.cpp(143,12): warning C4101: 'val': unreferenced local variable
D:\Code\C++\NOModels\NOModel_SL_full\model_SL_full.cpp(150,12): warning C4244: 'initializing': conversion from 'double' to 'int', possible loss of data
D:\Code\C++\NOModels\NOModel_SL_full\model_SL_full.cpp(157,12): warning C4244: 'return': conversion from 'double' to 'int', possible loss of data
D:\Code\C++\NOModels\NOModel_SL_full\model_SL_full.cpp(256,28): warning C4267: 'initializing': conversion from 'size_t' to 'int', possible loss of data
D:\Code\C++\NOModels\NOModel_SL_full\model_SL_full.cpp(396,43): warning C4267: 'argument': conversion from 'size_t' to '_Ty', possible loss of data
          with
          [
              _Ty=int
          ]
D:\Code\C++\NOModels\NOModel_SL_full\model_SL_full.cpp(397,43): warning C4267: 'argument': conversion from 'size_t' to '_Ty', possible loss of data
          with
          [
              _Ty=int
          ]
D:\Code\C++\NOModels\NOModel_SL_full\model_SL_full.cpp(398,43): warning C4267: 'argument': conversion from 'size_t' to '_Ty', possible loss of data
          with
          [
              _Ty=int
          ]
D:\Code\C++\NOModels\NOModel_SL_full\model_SL_full.cpp(399,43): warning C4267: 'argument': conversion from 'size_t' to '_Ty', possible loss of data
          with
          [
              _Ty=int
          ]
D:\Code\C++\NOModels\NOModel_SL_full\model_SL_full.cpp(400,43): warning C4267: 'argument': conversion from 'size_t' to '_Ty', possible loss of data
          with
          [
              _Ty=int
          ]
D:\Code\C++\NOModels\NOModel_SL_full\model_SL_full.cpp(401,43): warning C4267: 'argument': conversion from 'size_t' to '_Ty', possible loss of data
          with
          [
              _Ty=int
          ]
D:\Code\C++\NOModels\NOModel_SL_full\model_SL_full.cpp(402,43): warning C4267: 'argument': conversion from 'size_t' to '_Ty', possible loss of data
          with
          [
              _Ty=int
          ]
D:\Code\C++\NOModels\NOModel_SL_full\model_SL_full.cpp(403,43): warning C4267: 'argument': conversion from 'size_t' to '_Ty', possible loss of data
          with
          [
              _Ty=int
          ]
D:\Code\C++\NOModels\NOModel_SL_full\model_SL_full.cpp(404,43): warning C4267: 'argument': conversion from 'size_t' to '_Ty', possible loss of data
          with
          [
              _Ty=int
          ]
D:\Code\C++\NOModels\NOModel_SL_full\model_SL_full.cpp(426,29): warning C4244: '=': conversion from 'double' to 'int', possible loss of data
D:\Code\C++\NOModels\NOModel_SL_full\model_SL_full.cpp(439,29): warning C4244: '=': conversion from 'double' to 'int', possible loss of data
D:\Code\C++\NOModels\NOModel_SL_full\model_SL_full.cpp(452,29): warning C4244: '=': conversion from 'double' to 'int', possible loss of data
D:\Code\C++\NOModels\NOModel_SL_full\model_SL_full.cpp(466,29): warning C4244: '=': conversion from 'double' to 'int', possible loss of data
D:\Code\C++\NOModels\NOModel_SL_full\model_SL_full.cpp(476,29): warning C4244: '=': conversion from 'double' to 'int', possible loss of data
D:\Code\C++\NOModels\NOModel_SL_full\model_SL_full.cpp(485,29): warning C4244: '=': conversion from 'double' to 'int', possible loss of data
D:\Code\C++\NOModels\NOModel_SL_full\model_SL_full.cpp(621,21): warning C4244: '=': conversion from 'double' to 'int', possible loss of data
D:\Code\C++\NOModels\NOModel_SL_full\model_SL_full.cpp(623,21): warning C4244: '=': conversion from 'double' to 'int', possible loss of data
D:\Code\C++\NOModels\NOModel_SL_full\model_SL_full.cpp(625,21): warning C4244: '=': conversion from 'double' to 'int', possible loss of data
D:\Code\C++\NOModels\NOModel_SL_full\model_SL_full.cpp(646,24): warning C4244: '=': conversion from 'double' to 'int', possible loss of data
D:\Code\C++\NOModels\NOModel_SL_full\model_SL_full.cpp(698,26): warning C4244: '=': conversion from 'double' to 'int', possible loss of data
D:\Code\C++\NOModels\NOModel_SL_full\model_SL_full.cpp(744,20): warning C4244: 'argument': conversion from 'time_t' to 'unsigned int', possible loss of data
D:\Code\C++\NOModels\NOModel_SL_full\model_SL_full.cpp(842,40): warning C4267: 'initializing': conversion from 'size_t' to 'int', possible loss of data
D:\Code\C++\NOModels\NOModel_SL_full\model_SL_full.cpp(215,23): warning C4244: 'initializing': conversion from 'double' to 'int', possible loss of data
D:\Code\C++\NOModels\NOModel_SL_full\model_SL_full.cpp(207): message : while compiling class template member function 'int Vector<int>::select(std::mt19937 &,std::uniform_real_distribution<double> &)'
D:\Code\C++\NOModels\NOModel_SL_full\model_SL_full.cpp(493): message : see reference to function template instantiation 'int Vector<int>::select(std::mt19937 &,std::uniform_real_distribution<double> &)' being compiled
D:\Code\C++\NOModels\NOModel_SL_full\model_SL_full.cpp(276): message : see reference to class template instantiation 'Vector<int>' being compiled
  Generating code
  4 of 350 functions ( 1.1%) were compiled, the rest were copied from previous compilation.
    0 functions were new in current compilation
    3 functions had inline decision re-evaluated but remain unchanged
  Finished generating code
  NOModel_SL_full.vcxproj -> D:\Code\C++\NOModels\x64\Release\NOModel_SL_full.exe
